<?xml version="1.0" encoding="UTF-8"?>
<!-- Generated by org.testng.reporters.JUnitXMLReporter -->
<testsuite ignored="0" hostname="OzOz" failures="0" tests="0" name="Command line test" time="0.345" errors="0" timestamp="2024-10-10T21:41:42 TRT">
  <testcase classname="io.cucumber.testng.AbstractTestNGCucumberTests" name="@BeforeClass setUpClass" time="0.31">
    <failure type="java.lang.IllegalArgumentException" message="path must exist: C:\Users\User\IdeaProjects\Cucumber_IdeaSoft\src\test\resources\features">
      <![CDATA[java.lang.IllegalArgumentException: path must exist: C:\Users\User\IdeaProjects\Cucumber_IdeaSoft\src\test\resources\features
at io.cucumber.core.resource.PathScanner.findResourcesForPath(PathScanner.java:49)
at io.cucumber.core.resource.PathScanner.findResourcesForUri(PathScanner.java:31)
at io.cucumber.core.resource.ResourceScanner.findResourcesForUri(ResourceScanner.java:61)
at io.cucumber.core.resource.ResourceScanner.scanForResourcesUri(ResourceScanner.java:134)
at io.cucumber.core.runtime.FeaturePathFeatureSupplier.loadFeatures(FeaturePathFeatureSupplier.java:62)
at io.cucumber.core.runtime.FeaturePathFeatureSupplier.get(FeaturePathFeatureSupplier.java:45)
at io.cucumber.testng.TestNGCucumberRunner.<init>(TestNGCucumberRunner.java:125)
at io.cucumber.testng.AbstractTestNGCucumberTests.setUpClass(AbstractTestNGCucumberTests.java:27)
at java.base/java.util.ArrayList.forEach(ArrayList.java:1511)
... Removed 30 stack frames]]>
    </failure>
  </testcase> <!-- @BeforeClass setUpClass -->
</testsuite> <!-- Command line test -->
